[debug] [2025-03-11T03:09:54.536Z] ----------------------------------------------------------------------
[debug] [2025-03-11T03:09:54.539Z] Command:       C:\Program Files\nodejs\node.exe C:\Users\sebik\AppData\Roaming\npm\node_modules\firebase-tools\lib\bin\firebase.js init hosting
[debug] [2025-03-11T03:09:54.540Z] CLI Version:   13.33.0
[debug] [2025-03-11T03:09:54.540Z] Platform:      win32
[debug] [2025-03-11T03:09:54.540Z] Node Version:  v22.11.0
[debug] [2025-03-11T03:09:54.540Z] Time:          Mon Mar 10 2025 23:09:54 GMT-0400 (Eastern Daylight Time)
[debug] [2025-03-11T03:09:54.540Z] ----------------------------------------------------------------------
[debug] 
[debug] [2025-03-11T03:09:54.543Z] >>> [apiv2][query] GET https://firebase-public.firebaseio.com/cli.json [none]
[debug] [2025-03-11T03:09:54.588Z] > command requires scopes: ["email","openid","https://www.googleapis.com/auth/cloudplatformprojects.readonly","https://www.googleapis.com/auth/firebase","https://www.googleapis.com/auth/cloud-platform"]
[debug] [2025-03-11T03:09:54.589Z] > authorizing via signed-in user (sebikash10@gmail.com)
[info] 
     ######## #### ########  ######## ########     ###     ######  ########
     ##        ##  ##     ## ##       ##     ##  ##   ##  ##       ##
     ######    ##  ########  ######   ########  #########  ######  ######
     ##        ##  ##    ##  ##       ##     ## ##     ##       ## ##
     ##       #### ##     ## ######## ########  ##     ##  ######  ########

You're about to initialize a Firebase project in this directory:

  C:\Users\sebik\Downloads\portfolio-website

[debug] [2025-03-11T03:09:54.794Z] <<< [apiv2][status] GET https://firebase-public.firebaseio.com/cli.json 200
[debug] [2025-03-11T03:09:54.795Z] <<< [apiv2][body] GET https://firebase-public.firebaseio.com/cli.json {"cloudBuildErrorAfter":1594252800000,"cloudBuildWarnAfter":1590019200000,"defaultNode10After":1594252800000,"minVersion":"3.0.5","node8DeploysDisabledAfter":1613390400000,"node8RuntimeDisabledAfter":1615809600000,"node8WarnAfter":1600128000000}
[info] 
=== Project Setup
[info] 
[info] First, let's associate this project directory with a Firebase project.
[info] You can create multiple project aliases by running firebase use --add, 
[info] but for now we'll just set up a default project.
[info] 
[debug] [2025-03-11T03:10:05.869Z] Checked if tokens are valid: false, expires at: 1697837831225
[debug] [2025-03-11T03:10:05.870Z] Checked if tokens are valid: false, expires at: 1697837831225
[debug] [2025-03-11T03:10:05.870Z] > refreshing access token with scopes: []
[debug] [2025-03-11T03:10:05.871Z] >>> [apiv2][query] POST https://www.googleapis.com/oauth2/v3/token [none]
[debug] [2025-03-11T03:10:05.871Z] >>> [apiv2][body] POST https://www.googleapis.com/oauth2/v3/token [omitted]
[debug] [2025-03-11T03:10:06.082Z] <<< [apiv2][status] POST https://www.googleapis.com/oauth2/v3/token 400
[debug] [2025-03-11T03:10:06.083Z] <<< [apiv2][body] POST https://www.googleapis.com/oauth2/v3/token [omitted]
[debug] [2025-03-11T03:10:06.084Z] >>> [apiv2][query] GET https://firebase.googleapis.com/v1beta1/projects pageSize=100
[debug] [2025-03-11T03:10:06.287Z] <<< [apiv2][status] GET https://firebase.googleapis.com/v1beta1/projects 401
[debug] [2025-03-11T03:10:06.287Z] <<< [apiv2][body] GET https://firebase.googleapis.com/v1beta1/projects [omitted]
[debug] [2025-03-11T03:10:06.287Z] Got a 401 Unauthenticated error for a call that required authentication. Refreshing tokens.
[debug] [2025-03-11T03:10:06.287Z] Checked if tokens are valid: false, expires at: 1697837831225
[debug] [2025-03-11T03:10:06.287Z] Checked if tokens are valid: false, expires at: 1697837831225
[debug] [2025-03-11T03:10:06.287Z] > refreshing access token with scopes: []
[debug] [2025-03-11T03:10:06.288Z] >>> [apiv2][query] POST https://www.googleapis.com/oauth2/v3/token [none]
[debug] [2025-03-11T03:10:06.288Z] >>> [apiv2][body] POST https://www.googleapis.com/oauth2/v3/token [omitted]
[debug] [2025-03-11T03:10:06.363Z] <<< [apiv2][status] POST https://www.googleapis.com/oauth2/v3/token 400
[debug] [2025-03-11T03:10:06.363Z] <<< [apiv2][body] POST https://www.googleapis.com/oauth2/v3/token [omitted]
[debug] [2025-03-11T03:10:06.365Z] Request to https://firebase.googleapis.com/v1beta1/projects?pageSize=100 had HTTP Error: 401, Request had invalid authentication credentials. Expected OAuth 2 access token, login cookie or other valid authentication credential. See https://developers.google.com/identity/sign-in/web/devconsole-project.
[debug] [2025-03-11T03:10:06.535Z] FirebaseError: Request to https://firebase.googleapis.com/v1beta1/projects?pageSize=100 had HTTP Error: 401, Request had invalid authentication credentials. Expected OAuth 2 access token, login cookie or other valid authentication credential. See https://developers.google.com/identity/sign-in/web/devconsole-project.
    at responseToError (C:\Users\sebik\AppData\Roaming\npm\node_modules\firebase-tools\lib\responseToError.js:52:12)
    at RetryOperation._fn (C:\Users\sebik\AppData\Roaming\npm\node_modules\firebase-tools\lib\apiv2.js:312:77)
    at process.processTicksAndRejections (node:internal/process/task_queues:105:5)
[error] 
[error] Error: Failed to list Firebase projects. See firebase-debug.log for more info.
[debug] [2025-03-11T03:10:19.833Z] ----------------------------------------------------------------------
[debug] [2025-03-11T03:10:19.835Z] Command:       C:\Program Files\nodejs\node.exe C:\Users\sebik\AppData\Roaming\npm\node_modules\firebase-tools\lib\bin\firebase.js init hosting
[debug] [2025-03-11T03:10:19.836Z] CLI Version:   13.33.0
[debug] [2025-03-11T03:10:19.836Z] Platform:      win32
[debug] [2025-03-11T03:10:19.836Z] Node Version:  v22.11.0
[debug] [2025-03-11T03:10:19.836Z] Time:          Mon Mar 10 2025 23:10:19 GMT-0400 (Eastern Daylight Time)
[debug] [2025-03-11T03:10:19.836Z] ----------------------------------------------------------------------
[debug] 
[debug] [2025-03-11T03:10:19.844Z] > command requires scopes: ["email","openid","https://www.googleapis.com/auth/cloudplatformprojects.readonly","https://www.googleapis.com/auth/firebase","https://www.googleapis.com/auth/cloud-platform"]
[debug] [2025-03-11T03:10:19.845Z] > authorizing via signed-in user (sebikash10@gmail.com)
[info] 
     ######## #### ########  ######## ########     ###     ######  ########
     ##        ##  ##     ## ##       ##     ##  ##   ##  ##       ##
     ######    ##  ########  ######   ########  #########  ######  ######
     ##        ##  ##    ##  ##       ##     ## ##     ##       ## ##
     ##       #### ##     ## ######## ########  ##     ##  ######  ########

You're about to initialize a Firebase project in this directory:

  C:\Users\sebik\Downloads\portfolio-website

[info] 
=== Project Setup
[info] 
[info] First, let's associate this project directory with a Firebase project.
[info] You can create multiple project aliases by running firebase use --add, 
[info] but for now we'll just set up a default project.
[info] 
[debug] [2025-03-11T03:10:29.178Z] Checked if tokens are valid: false, expires at: 1697837831225
[debug] [2025-03-11T03:10:29.178Z] Checked if tokens are valid: false, expires at: 1697837831225
[debug] [2025-03-11T03:10:29.179Z] > refreshing access token with scopes: []
[debug] [2025-03-11T03:10:29.181Z] >>> [apiv2][query] POST https://www.googleapis.com/oauth2/v3/token [none]
[debug] [2025-03-11T03:10:29.181Z] >>> [apiv2][body] POST https://www.googleapis.com/oauth2/v3/token [omitted]
[debug] [2025-03-11T03:10:29.426Z] <<< [apiv2][status] POST https://www.googleapis.com/oauth2/v3/token 400
[debug] [2025-03-11T03:10:29.426Z] <<< [apiv2][body] POST https://www.googleapis.com/oauth2/v3/token [omitted]
[debug] [2025-03-11T03:10:29.427Z] >>> [apiv2][query] GET https://firebase.googleapis.com/v1beta1/availableProjects pageSize=100
[debug] [2025-03-11T03:10:29.610Z] <<< [apiv2][status] GET https://firebase.googleapis.com/v1beta1/availableProjects 401
[debug] [2025-03-11T03:10:29.611Z] <<< [apiv2][body] GET https://firebase.googleapis.com/v1beta1/availableProjects [omitted]
[debug] [2025-03-11T03:10:29.611Z] Got a 401 Unauthenticated error for a call that required authentication. Refreshing tokens.
[debug] [2025-03-11T03:10:29.611Z] Checked if tokens are valid: false, expires at: 1697837831225
[debug] [2025-03-11T03:10:29.611Z] Checked if tokens are valid: false, expires at: 1697837831225
[debug] [2025-03-11T03:10:29.611Z] > refreshing access token with scopes: []
[debug] [2025-03-11T03:10:29.612Z] >>> [apiv2][query] POST https://www.googleapis.com/oauth2/v3/token [none]
[debug] [2025-03-11T03:10:29.612Z] >>> [apiv2][body] POST https://www.googleapis.com/oauth2/v3/token [omitted]
[debug] [2025-03-11T03:10:29.689Z] <<< [apiv2][status] POST https://www.googleapis.com/oauth2/v3/token 400
[debug] [2025-03-11T03:10:29.689Z] <<< [apiv2][body] POST https://www.googleapis.com/oauth2/v3/token [omitted]
[debug] [2025-03-11T03:10:29.690Z] Request to https://firebase.googleapis.com/v1beta1/availableProjects?pageSize=100 had HTTP Error: 401, Request had invalid authentication credentials. Expected OAuth 2 access token, login cookie or other valid authentication credential. See https://developers.google.com/identity/sign-in/web/devconsole-project.
[debug] [2025-03-11T03:10:29.882Z] FirebaseError: Request to https://firebase.googleapis.com/v1beta1/availableProjects?pageSize=100 had HTTP Error: 401, Request had invalid authentication credentials. Expected OAuth 2 access token, login cookie or other valid authentication credential. See https://developers.google.com/identity/sign-in/web/devconsole-project.
    at responseToError (C:\Users\sebik\AppData\Roaming\npm\node_modules\firebase-tools\lib\responseToError.js:52:12)
    at RetryOperation._fn (C:\Users\sebik\AppData\Roaming\npm\node_modules\firebase-tools\lib\apiv2.js:312:77)
    at process.processTicksAndRejections (node:internal/process/task_queues:105:5)
[error] 
[error] Error: Failed to list available Google Cloud Platform projects. See firebase-debug.log for more info.
[debug] [2025-03-11T03:10:34.137Z] ----------------------------------------------------------------------
[debug] [2025-03-11T03:10:34.140Z] Command:       C:\Program Files\nodejs\node.exe C:\Users\sebik\AppData\Roaming\npm\node_modules\firebase-tools\lib\bin\firebase.js init hosting
[debug] [2025-03-11T03:10:34.140Z] CLI Version:   13.33.0
[debug] [2025-03-11T03:10:34.141Z] Platform:      win32
[debug] [2025-03-11T03:10:34.141Z] Node Version:  v22.11.0
[debug] [2025-03-11T03:10:34.141Z] Time:          Mon Mar 10 2025 23:10:34 GMT-0400 (Eastern Daylight Time)
[debug] [2025-03-11T03:10:34.141Z] ----------------------------------------------------------------------
[debug] 
[debug] [2025-03-11T03:10:34.148Z] > command requires scopes: ["email","openid","https://www.googleapis.com/auth/cloudplatformprojects.readonly","https://www.googleapis.com/auth/firebase","https://www.googleapis.com/auth/cloud-platform"]
[debug] [2025-03-11T03:10:34.148Z] > authorizing via signed-in user (sebikash10@gmail.com)
[info] 
     ######## #### ########  ######## ########     ###     ######  ########
     ##        ##  ##     ## ##       ##     ##  ##   ##  ##       ##
     ######    ##  ########  ######   ########  #########  ######  ######
     ##        ##  ##    ##  ##       ##     ## ##     ##       ## ##
     ##       #### ##     ## ######## ########  ##     ##  ######  ########

You're about to initialize a Firebase project in this directory:

  C:\Users\sebik\Downloads\portfolio-website

[info] 
=== Project Setup
[info] 
[info] First, let's associate this project directory with a Firebase project.
[info] You can create multiple project aliases by running firebase use --add, 
[info] but for now we'll just set up a default project.
[info] 
[info] i  If you want to create a project in a Google Cloud organization or folder, please use "firebase projects:create" instead, and return to this command when you've created the project. 
